# JRE version: 6.0_35-b35
# Java VM: OpenJDK 64-Bit Server VM (23.25-b01 mixed mode linux-amd64 compressed oops)
Heap
 PSYoungGen      total 50752K, used 26580K [0x00000007d6800000, 0x00000007dbd60000, 0x0000000800000000)
  eden space 15872K, 87% used [0x00000007d6800000,0x00000007d757c380,0x00000007d7780000)
  from space 34880K, 36% used [0x00000007d7780000,0x00000007d83f8f28,0x00000007d9990000)
  to   space 34688K, 0% used [0x00000007d9b80000,0x00000007d9b80000,0x00000007dbd60000)
 ParOldGen       total 108544K, used 73668K [0x0000000783800000, 0x000000078a200000, 0x00000007d6800000)
  object space 108544K, 67% used [0x0000000783800000,0x0000000787ff1348,0x000000078a200000)
 PSPermGen       total 54720K, used 29645K [0x0000000779200000, 0x000000077c770000, 0x0000000783800000)
  object space 54720K, 54% used [0x0000000779200000,0x000000077aef3558,0x000000077c770000)
GC Heap History (10 events):
Event: 1685,115 GC heap before
{Heap before GC invocations=45 (full 5):
 PSYoungGen      total 44864K, used 30010K [0x00000007d6800000, 0x00000007db600000, 0x0000000800000000)
  eden space 11136K, 75% used [0x00000007d6800000,0x00000007d703f6c8,0x00000007d72e0000)
  from space 33728K, 63% used [0x00000007d72e0000,0x00000007d87ef298,0x00000007d93d0000)
  to   space 33088K, 0% used [0x00000007d95b0000,0x00000007d95b0000,0x00000007db600000)
 ParOldGen       total 103232K, used 74535K [0x0000000783800000, 0x0000000789cd0000, 0x00000007d6800000)
  object space 103232K, 72% used [0x0000000783800000,0x00000007880c9f80,0x0000000789cd0000)
 PSPermGen       total 56960K, used 29640K [0x0000000779200000, 0x000000077c9a0000, 0x0000000783800000)
  object space 56960K, 52% used [0x0000000779200000,0x000000077aef22e0,0x000000077c9a0000)
Event: 1685,123 GC heap after
Heap after GC invocations=45 (full 5):
 PSYoungGen      total 46784K, used 12075K [0x00000007d6800000, 0x00000007db5f0000, 0x0000000800000000)
  eden space 13760K, 0% used [0x00000007d6800000,0x00000007d6800000,0x00000007d7570000)
  from space 33024K, 36% used [0x00000007d95b0000,0x00000007da17aec0,0x00000007db5f0000)
  to   space 33024K, 0% used [0x00000007d7570000,0x00000007d7570000,0x00000007d95b0000)
 ParOldGen       total 103232K, used 91975K [0x0000000783800000, 0x0000000789cd0000, 0x00000007d6800000)
  object space 103232K, 89% used [0x0000000783800000,0x00000007891d1c38,0x0000000789cd0000)
 PSPermGen       total 56960K, used 29640K [0x0000000779200000, 0x000000077c9a0000, 0x0000000783800000)
  object space 56960K, 52% used [0x0000000779200000,0x000000077aef22e0,0x000000077c9a0000)
}
Event: 1685,123 GC heap before
{Heap before GC invocations=46 (full 6):
 PSYoungGen      total 46784K, used 12075K [0x00000007d6800000, 0x00000007db5f0000, 0x0000000800000000)
  eden space 13760K, 0% used [0x00000007d6800000,0x00000007d6800000,0x00000007d7570000)
  from space 33024K, 36% used [0x00000007d95b0000,0x00000007da17aec0,0x00000007db5f0000)
  to   space 33024K, 0% used [0x00000007d7570000,0x00000007d7570000,0x00000007d95b0000)
 ParOldGen       total 103232K, used 91975K [0x0000000783800000, 0x0000000789cd0000, 0x00000007d6800000)
  object space 103232K, 89% used [0x0000000783800000,0x00000007891d1c38,0x0000000789cd0000)
 PSPermGen       total 56960K, used 29640K [0x0000000779200000, 0x000000077c9a0000, 0x0000000783800000)
  object space 56960K, 52% used [0x0000000779200000,0x000000077aef22e0,0x000000077c9a0000)
Event: 1685,170 GC heap after
Heap after GC invocations=46 (full 6):
 PSYoungGen      total 46784K, used 0K [0x00000007d6800000, 0x00000007db5f0000, 0x0000000800000000)
  eden space 13760K, 0% used [0x00000007d6800000,0x00000007d6800000,0x00000007d7570000)
  from space 33024K, 0% used [0x00000007d95b0000,0x00000007d95b0000,0x00000007db5f0000)
  to   space 33024K, 0% used [0x00000007d7570000,0x00000007d7570000,0x00000007d95b0000)
 ParOldGen       total 108544K, used 53211K [0x0000000783800000, 0x000000078a200000, 0x00000007d6800000)
  object space 108544K, 49% used [0x0000000783800000,0x0000000786bf6f38,0x000000078a200000)
 PSPermGen       total 54720K, used 29640K [0x0000000779200000, 0x000000077c770000, 0x0000000783800000)
  object space 54720K, 54% used [0x0000000779200000,0x000000077aef22e0,0x000000077c770000)
}
Event: 1765,859 GC heap before
{Heap before GC invocations=47 (full 6):
 PSYoungGen      total 46784K, used 13760K [0x00000007d6800000, 0x00000007db5f0000, 0x0000000800000000)
  eden space 13760K, 100% used [0x00000007d6800000,0x00000007d7570000,0x00000007d7570000)
  from space 33024K, 0% used [0x00000007d95b0000,0x00000007d95b0000,0x00000007db5f0000)
  to   space 33024K, 0% used [0x00000007d7570000,0x00000007d7570000,0x00000007d95b0000)
 ParOldGen       total 108544K, used 53211K [0x0000000783800000, 0x000000078a200000, 0x00000007d6800000)
  object space 108544K, 49% used [0x0000000783800000,0x0000000786bf6f38,0x000000078a200000)
 PSPermGen       total 54720K, used 29644K [0x0000000779200000, 0x000000077c770000, 0x0000000783800000)
  object space 54720K, 54% used [0x0000000779200000,0x000000077aef31f8,0x000000077c770000)
Event: 1765,862 GC heap after
Heap after GC invocations=47 (full 6):
 PSYoungGen      total 46784K, used 29860K [0x00000007d6800000, 0x00000007dbd20000, 0x0000000800000000)
  eden space 13760K, 0% used [0x00000007d6800000,0x00000007d6800000,0x00000007d7570000)
  from space 33024K, 90% used [0x00000007d7570000,0x00000007d9299238,0x00000007d95b0000)
  to   space 35648K, 0% used [0x00000007d9a50000,0x00000007d9a50000,0x00000007dbd20000)
 ParOldGen       total 108544K, used 53211K [0x0000000783800000, 0x000000078a200000, 0x00000007d6800000)
  object space 108544K, 49% used [0x0000000783800000,0x0000000786bf6f38,0x000000078a200000)
 PSPermGen       total 54720K, used 29644K [0x0000000779200000, 0x000000077c770000, 0x0000000783800000)
  object space 54720K, 54% used [0x0000000779200000,0x000000077aef31f8,0x000000077c770000)
}
Event: 1766,321 GC heap before
{Heap before GC invocations=48 (full 6):
 PSYoungGen      total 46784K, used 43553K [0x00000007d6800000, 0x00000007dbd20000, 0x0000000800000000)
  eden space 13760K, 99% used [0x00000007d6800000,0x00000007d755f268,0x00000007d7570000)
  from space 33024K, 90% used [0x00000007d7570000,0x00000007d9299238,0x00000007d95b0000)
  to   space 35648K, 0% used [0x00000007d9a50000,0x00000007d9a50000,0x00000007dbd20000)
 ParOldGen       total 108544K, used 53211K [0x0000000783800000, 0x000000078a200000, 0x00000007d6800000)
  object space 108544K, 49% used [0x0000000783800000,0x0000000786bf6f38,0x000000078a200000)
 PSPermGen       total 54720K, used 29644K [0x0000000779200000, 0x000000077c770000, 0x0000000783800000)
  object space 54720K, 54% used [0x0000000779200000,0x000000077aef32d0,0x000000077c770000)
Event: 1766,326 GC heap after
Heap after GC invocations=48 (full 6):
 PSYoungGen      total 49984K, used 22188K [0x00000007d6800000, 0x00000007dbba0000, 0x0000000800000000)
  eden space 15872K, 0% used [0x00000007d6800000,0x00000007d6800000,0x00000007d7780000)
  from space 34112K, 65% used [0x00000007d9a50000,0x00000007daffb018,0x00000007dbba0000)
  to   space 34880K, 0% used [0x00000007d7780000,0x00000007d7780000,0x00000007d9990000)
 ParOldGen       total 108544K, used 68055K [0x0000000783800000, 0x000000078a200000, 0x00000007d6800000)
  object space 108544K, 62% used [0x0000000783800000,0x0000000787a75c28,0x000000078a200000)
 PSPermGen       total 54720K, used 29644K [0x0000000779200000, 0x000000077c770000, 0x0000000783800000)
  object space 54720K, 54% used [0x0000000779200000,0x000000077aef32d0,0x000000077c770000)
}
Event: 1770,058 GC heap before
{Heap before GC invocations=49 (full 6):
 PSYoungGen      total 49984K, used 36658K [0x00000007d6800000, 0x00000007dbba0000, 0x0000000800000000)
  eden space 15872K, 91% used [0x00000007d6800000,0x00000007d7621998,0x00000007d7780000)
  from space 34112K, 65% used [0x00000007d9a50000,0x00000007daffb018,0x00000007dbba0000)
  to   space 34880K, 0% used [0x00000007d7780000,0x00000007d7780000,0x00000007d9990000)
 ParOldGen       total 108544K, used 68055K [0x0000000783800000, 0x000000078a200000, 0x00000007d6800000)
  object space 108544K, 62% used [0x0000000783800000,0x0000000787a75c28,0x000000078a200000)
 PSPermGen       total 54720K, used 29645K [0x0000000779200000, 0x000000077c770000, 0x0000000783800000)
  object space 54720K, 54% used [0x0000000779200000,0x000000077aef3440,0x000000077c770000)
Event: 1770,062 GC heap after
Heap after GC invocations=49 (full 6):
 PSYoungGen      total 50752K, used 12771K [0x00000007d6800000, 0x00000007dbd60000, 0x0000000800000000)
  eden space 15872K, 0% used [0x00000007d6800000,0x00000007d6800000,0x00000007d7780000)
  from space 34880K, 36% used [0x00000007d7780000,0x00000007d83f8f28,0x00000007d9990000)
  to   space 34688K, 0% used [0x00000007d9b80000,0x00000007d9b80000,0x00000007dbd60000)
 ParOldGen       total 108544K, used 73668K [0x0000000783800000, 0x000000078a200000, 0x00000007d6800000)
  object space 108544K, 67% used [0x0000000783800000,0x0000000787ff1348,0x000000078a200000)
 PSPermGen       total 54720K, used 29645K [0x0000000779200000, 0x000000077c770000, 0x0000000783800000)
  object space 54720K, 54% used [0x0000000779200000,0x000000077aef3440,0x000000077c770000)
}

